{"C:\\Users\\guiim\\Desktop\\Testes Ousera\\Front\\golden-raspberry-awards\\src\\App.tsx": {"path":"C:\\Users\\guiim\\Desktop\\Testes Ousera\\Front\\golden-raspberry-awards\\src\\App.tsx","all":false,"statementMap":{"0":{"start":{"line":1,"column":0},"end":{"line":1,"column":26}},"1":{"start":{"line":2,"column":0},"end":{"line":2,"column":74}},"2":{"start":{"line":3,"column":0},"end":{"line":3,"column":47}},"3":{"start":{"line":4,"column":0},"end":{"line":4,"column":60}},"4":{"start":{"line":5,"column":0},"end":{"line":5,"column":48}},"6":{"start":{"line":7,"column":0},"end":{"line":7,"column":29}},"7":{"start":{"line":8,"column":0},"end":{"line":8,"column":10}},"8":{"start":{"line":9,"column":0},"end":{"line":9,"column":12}},"9":{"start":{"line":10,"column":0},"end":{"line":10,"column":14}},"10":{"start":{"line":11,"column":0},"end":{"line":11,"column":16}},"11":{"start":{"line":12,"column":0},"end":{"line":12,"column":52}},"12":{"start":{"line":13,"column":0},"end":{"line":13,"column":59}},"13":{"start":{"line":14,"column":0},"end":{"line":14,"column":17}},"14":{"start":{"line":15,"column":0},"end":{"line":15,"column":15}},"15":{"start":{"line":16,"column":0},"end":{"line":16,"column":13}},"17":{"start":{"line":18,"column":0},"end":{"line":18,"column":2}},"19":{"start":{"line":20,"column":0},"end":{"line":20,"column":19}}},"s":{"0":1,"1":1,"2":1,"3":1,"4":1,"6":1,"7":4,"8":4,"9":4,"10":4,"11":4,"12":4,"13":4,"14":4,"15":4,"17":4,"19":1},"branchMap":{"0":{"type":"branch","line":7,"loc":{"start":{"line":7,"column":22},"end":{"line":18,"column":2}},"locations":[{"start":{"line":7,"column":22},"end":{"line":18,"column":2}}]}},"b":{"0":[4]},"fnMap":{"0":{"name":"App","decl":{"start":{"line":7,"column":22},"end":{"line":18,"column":2}},"loc":{"start":{"line":7,"column":22},"end":{"line":18,"column":2}},"line":7}},"f":{"0":4}}
,"C:\\Users\\guiim\\Desktop\\Testes Ousera\\Front\\golden-raspberry-awards\\src\\index.tsx": {"path":"C:\\Users\\guiim\\Desktop\\Testes Ousera\\Front\\golden-raspberry-awards\\src\\index.tsx","all":false,"statementMap":{"0":{"start":{"line":1,"column":0},"end":{"line":1,"column":26}},"1":{"start":{"line":2,"column":0},"end":{"line":2,"column":40}},"2":{"start":{"line":3,"column":0},"end":{"line":3,"column":24}},"3":{"start":{"line":4,"column":0},"end":{"line":4,"column":23}},"5":{"start":{"line":6,"column":0},"end":{"line":6,"column":67}},"6":{"start":{"line":7,"column":0},"end":{"line":7,"column":12}},"7":{"start":{"line":8,"column":0},"end":{"line":8,"column":20}},"8":{"start":{"line":9,"column":0},"end":{"line":9,"column":11}},"9":{"start":{"line":10,"column":0},"end":{"line":10,"column":21}},"10":{"start":{"line":11,"column":0},"end":{"line":11,"column":2}}},"s":{"0":1,"1":1,"2":1,"3":1,"5":1,"6":1,"7":1,"8":1,"9":1,"10":1},"branchMap":{},"b":{},"fnMap":{},"f":{}}
,"C:\\Users\\guiim\\Desktop\\Testes Ousera\\Front\\golden-raspberry-awards\\src\\vite-env.d.ts": {"path":"C:\\Users\\guiim\\Desktop\\Testes Ousera\\Front\\golden-raspberry-awards\\src\\vite-env.d.ts","all":true,"statementMap":{"0":{"start":{"line":1,"column":0},"end":{"line":1,"column":37}}},"s":{"0":0},"branchMap":{"0":{"type":"branch","line":1,"loc":{"start":{"line":1,"column":0},"end":{"line":1,"column":37}},"locations":[{"start":{"line":1,"column":0},"end":{"line":1,"column":37}}]}},"b":{"0":[0]},"fnMap":{"0":{"name":"(empty-report)","decl":{"start":{"line":1,"column":0},"end":{"line":1,"column":37}},"loc":{"start":{"line":1,"column":0},"end":{"line":1,"column":37}},"line":1}},"f":{"0":0}}
,"C:\\Users\\guiim\\Desktop\\Testes Ousera\\Front\\golden-raspberry-awards\\src\\api\\moviesApi.ts": {"path":"C:\\Users\\guiim\\Desktop\\Testes Ousera\\Front\\golden-raspberry-awards\\src\\api\\moviesApi.ts","all":false,"statementMap":{"2":{"start":{"line":3,"column":0},"end":{"line":3,"column":61}},"4":{"start":{"line":5,"column":0},"end":{"line":5,"column":34}},"5":{"start":{"line":6,"column":0},"end":{"line":6,"column":11}},"6":{"start":{"line":7,"column":0},"end":{"line":7,"column":12}},"7":{"start":{"line":8,"column":0},"end":{"line":8,"column":16}},"8":{"start":{"line":9,"column":0},"end":{"line":9,"column":18}},"9":{"start":{"line":10,"column":0},"end":{"line":10,"column":38}},"10":{"start":{"line":11,"column":0},"end":{"line":11,"column":38}},"11":{"start":{"line":12,"column":0},"end":{"line":12,"column":23}},"12":{"start":{"line":13,"column":0},"end":{"line":13,"column":23}},"13":{"start":{"line":14,"column":0},"end":{"line":14,"column":5}},"14":{"start":{"line":15,"column":0},"end":{"line":15,"column":48}},"15":{"start":{"line":16,"column":0},"end":{"line":16,"column":68}},"17":{"start":{"line":18,"column":0},"end":{"line":18,"column":51}},"18":{"start":{"line":19,"column":0},"end":{"line":19,"column":56}},"19":{"start":{"line":20,"column":0},"end":{"line":20,"column":20}},"20":{"start":{"line":21,"column":0},"end":{"line":21,"column":1}},"22":{"start":{"line":23,"column":0},"end":{"line":23,"column":55}},"23":{"start":{"line":24,"column":0},"end":{"line":24,"column":66}},"24":{"start":{"line":25,"column":0},"end":{"line":25,"column":20}},"25":{"start":{"line":26,"column":0},"end":{"line":26,"column":1}},"27":{"start":{"line":28,"column":0},"end":{"line":28,"column":50}},"28":{"start":{"line":29,"column":0},"end":{"line":29,"column":61}},"29":{"start":{"line":30,"column":0},"end":{"line":30,"column":20}},"30":{"start":{"line":31,"column":0},"end":{"line":31,"column":1}},"32":{"start":{"line":33,"column":0},"end":{"line":33,"column":60}},"33":{"start":{"line":34,"column":0},"end":{"line":34,"column":71}},"34":{"start":{"line":35,"column":0},"end":{"line":35,"column":20}},"35":{"start":{"line":36,"column":0},"end":{"line":36,"column":1}},"37":{"start":{"line":38,"column":0},"end":{"line":38,"column":56}},"38":{"start":{"line":39,"column":0},"end":{"line":39,"column":68}},"39":{"start":{"line":40,"column":0},"end":{"line":40,"column":20}},"40":{"start":{"line":41,"column":0},"end":{"line":41,"column":1}}},"s":{"2":1,"4":3,"5":3,"6":3,"7":3,"8":3,"9":3,"10":3,"11":3,"12":3,"13":3,"14":3,"15":3,"17":3,"18":2,"19":1,"20":1,"22":4,"23":4,"24":1,"25":1,"27":4,"28":4,"29":1,"30":1,"32":4,"33":4,"34":1,"35":1,"37":1,"38":1,"39":1,"40":1},"branchMap":{"0":{"type":"branch","line":5,"loc":{"start":{"line":5,"column":0},"end":{"line":21,"column":1}},"locations":[{"start":{"line":5,"column":0},"end":{"line":21,"column":1}}]},"1":{"type":"branch","line":15,"loc":{"start":{"line":15,"column":12},"end":{"line":15,"column":48}},"locations":[{"start":{"line":15,"column":12},"end":{"line":15,"column":48}}]},"2":{"type":"branch","line":16,"loc":{"start":{"line":16,"column":28},"end":{"line":16,"column":68}},"locations":[{"start":{"line":16,"column":28},"end":{"line":16,"column":68}}]},"3":{"type":"branch","line":18,"loc":{"start":{"line":18,"column":49},"end":{"line":21,"column":1}},"locations":[{"start":{"line":18,"column":49},"end":{"line":21,"column":1}}]},"4":{"type":"branch","line":19,"loc":{"start":{"line":19,"column":15},"end":{"line":21,"column":1}},"locations":[{"start":{"line":19,"column":15},"end":{"line":21,"column":1}}]},"5":{"type":"branch","line":23,"loc":{"start":{"line":23,"column":0},"end":{"line":26,"column":1}},"locations":[{"start":{"line":23,"column":0},"end":{"line":26,"column":1}}]},"6":{"type":"branch","line":24,"loc":{"start":{"line":24,"column":64},"end":{"line":26,"column":1}},"locations":[{"start":{"line":24,"column":64},"end":{"line":26,"column":1}}]},"7":{"type":"branch","line":28,"loc":{"start":{"line":28,"column":0},"end":{"line":31,"column":1}},"locations":[{"start":{"line":28,"column":0},"end":{"line":31,"column":1}}]},"8":{"type":"branch","line":29,"loc":{"start":{"line":29,"column":59},"end":{"line":31,"column":1}},"locations":[{"start":{"line":29,"column":59},"end":{"line":31,"column":1}}]},"9":{"type":"branch","line":33,"loc":{"start":{"line":33,"column":0},"end":{"line":36,"column":1}},"locations":[{"start":{"line":33,"column":0},"end":{"line":36,"column":1}}]},"10":{"type":"branch","line":34,"loc":{"start":{"line":34,"column":69},"end":{"line":36,"column":1}},"locations":[{"start":{"line":34,"column":69},"end":{"line":36,"column":1}}]},"11":{"type":"branch","line":38,"loc":{"start":{"line":38,"column":0},"end":{"line":41,"column":1}},"locations":[{"start":{"line":38,"column":0},"end":{"line":41,"column":1}}]}},"b":{"0":[3],"1":[1],"2":[1],"3":[2],"4":[1],"5":[4],"6":[1],"7":[4],"8":[1],"9":[4],"10":[1],"11":[1]},"fnMap":{"0":{"name":"fetchMovies","decl":{"start":{"line":5,"column":0},"end":{"line":21,"column":1}},"loc":{"start":{"line":5,"column":0},"end":{"line":21,"column":1}},"line":5},"1":{"name":"fetchYearsWithMultipleWinners","decl":{"start":{"line":23,"column":0},"end":{"line":26,"column":1}},"loc":{"start":{"line":23,"column":0},"end":{"line":26,"column":1}},"line":23},"2":{"name":"fetchStudiosWithWinCount","decl":{"start":{"line":28,"column":0},"end":{"line":31,"column":1}},"loc":{"start":{"line":28,"column":0},"end":{"line":31,"column":1}},"line":28},"3":{"name":"fetchMaxMinWinIntervalForProducers","decl":{"start":{"line":33,"column":0},"end":{"line":36,"column":1}},"loc":{"start":{"line":33,"column":0},"end":{"line":36,"column":1}},"line":33},"4":{"name":"fetchWinnersByYear","decl":{"start":{"line":38,"column":0},"end":{"line":41,"column":1}},"loc":{"start":{"line":38,"column":0},"end":{"line":41,"column":1}},"line":38}},"f":{"0":3,"1":4,"2":4,"3":4,"4":1}}
,"C:\\Users\\guiim\\Desktop\\Testes Ousera\\Front\\golden-raspberry-awards\\src\\components\\Dashboard\\index.tsx": {"path":"C:\\Users\\guiim\\Desktop\\Testes Ousera\\Front\\golden-raspberry-awards\\src\\components\\Dashboard\\index.tsx","all":false,"statementMap":{"0":{"start":{"line":1,"column":0},"end":{"line":1,"column":51}},"1":{"start":{"line":2,"column":0},"end":{"line":2,"column":8}},"7":{"start":{"line":8,"column":0},"end":{"line":8,"column":55}},"8":{"start":{"line":9,"column":0},"end":{"line":9,"column":45}},"9":{"start":{"line":10,"column":0},"end":{"line":10,"column":59}},"10":{"start":{"line":11,"column":0},"end":{"line":11,"column":51}},"43":{"start":{"line":44,"column":0},"end":{"line":44,"column":35}},"44":{"start":{"line":45,"column":0},"end":{"line":45,"column":55}},"45":{"start":{"line":46,"column":0},"end":{"line":46,"column":58}},"46":{"start":{"line":47,"column":0},"end":{"line":47,"column":79}},"47":{"start":{"line":48,"column":0},"end":{"line":48,"column":60}},"48":{"start":{"line":49,"column":0},"end":{"line":49,"column":72}},"50":{"start":{"line":51,"column":0},"end":{"line":51,"column":19}},"51":{"start":{"line":52,"column":0},"end":{"line":52,"column":73}},"52":{"start":{"line":53,"column":0},"end":{"line":53,"column":72}},"53":{"start":{"line":54,"column":0},"end":{"line":54,"column":75}},"54":{"start":{"line":55,"column":0},"end":{"line":55,"column":9}},"56":{"start":{"line":57,"column":0},"end":{"line":57,"column":19}},"57":{"start":{"line":58,"column":0},"end":{"line":58,"column":23}},"58":{"start":{"line":59,"column":0},"end":{"line":59,"column":53}},"59":{"start":{"line":60,"column":0},"end":{"line":60,"column":55}},"60":{"start":{"line":61,"column":0},"end":{"line":61,"column":8}},"61":{"start":{"line":62,"column":0},"end":{"line":62,"column":5}},"62":{"start":{"line":63,"column":0},"end":{"line":63,"column":21}},"64":{"start":{"line":65,"column":0},"end":{"line":65,"column":10}},"65":{"start":{"line":66,"column":0},"end":{"line":66,"column":6}},"66":{"start":{"line":67,"column":0},"end":{"line":67,"column":41}},"67":{"start":{"line":68,"column":0},"end":{"line":68,"column":28}},"68":{"start":{"line":69,"column":0},"end":{"line":69,"column":31}},"69":{"start":{"line":70,"column":0},"end":{"line":70,"column":43}},"70":{"start":{"line":71,"column":0},"end":{"line":71,"column":14}},"71":{"start":{"line":72,"column":0},"end":{"line":72,"column":31}},"72":{"start":{"line":73,"column":0},"end":{"line":73,"column":42}},"73":{"start":{"line":74,"column":0},"end":{"line":74,"column":14}},"74":{"start":{"line":75,"column":0},"end":{"line":75,"column":31}},"75":{"start":{"line":76,"column":0},"end":{"line":76,"column":51}},"76":{"start":{"line":77,"column":0},"end":{"line":77,"column":14}},"77":{"start":{"line":78,"column":0},"end":{"line":78,"column":31}},"78":{"start":{"line":79,"column":0},"end":{"line":79,"column":72}},"79":{"start":{"line":80,"column":0},"end":{"line":80,"column":14}},"80":{"start":{"line":81,"column":0},"end":{"line":81,"column":12}},"81":{"start":{"line":82,"column":0},"end":{"line":82,"column":7}},"83":{"start":{"line":84,"column":0},"end":{"line":84,"column":2}},"85":{"start":{"line":86,"column":0},"end":{"line":86,"column":25}}},"s":{"0":1,"1":1,"7":1,"8":1,"9":1,"10":1,"43":1,"44":7,"45":7,"46":7,"47":7,"48":7,"50":7,"51":4,"52":4,"53":4,"54":7,"56":7,"57":5,"58":1,"59":1,"60":1,"61":1,"62":7,"64":7,"65":7,"66":7,"67":7,"68":7,"69":7,"70":7,"71":7,"72":7,"73":7,"74":7,"75":7,"76":7,"77":7,"78":7,"79":7,"80":7,"81":7,"83":7,"85":1},"branchMap":{"0":{"type":"branch","line":44,"loc":{"start":{"line":44,"column":28},"end":{"line":84,"column":2}},"locations":[{"start":{"line":44,"column":28},"end":{"line":84,"column":2}}]},"1":{"type":"branch","line":51,"loc":{"start":{"line":51,"column":12},"end":{"line":55,"column":5}},"locations":[{"start":{"line":51,"column":12},"end":{"line":55,"column":5}}]},"2":{"type":"branch","line":52,"loc":{"start":{"line":52,"column":41},"end":{"line":52,"column":71}},"locations":[{"start":{"line":52,"column":41},"end":{"line":52,"column":71}}]},"3":{"type":"branch","line":53,"loc":{"start":{"line":53,"column":36},"end":{"line":53,"column":70}},"locations":[{"start":{"line":53,"column":36},"end":{"line":53,"column":70}}]},"4":{"type":"branch","line":54,"loc":{"start":{"line":54,"column":46},"end":{"line":54,"column":73}},"locations":[{"start":{"line":54,"column":46},"end":{"line":54,"column":73}}]},"5":{"type":"branch","line":57,"loc":{"start":{"line":57,"column":12},"end":{"line":63,"column":5}},"locations":[{"start":{"line":57,"column":12},"end":{"line":63,"column":5}}]},"6":{"type":"branch","line":58,"loc":{"start":{"line":58,"column":22},"end":{"line":62,"column":5}},"locations":[{"start":{"line":58,"column":22},"end":{"line":62,"column":5}}]},"7":{"type":"branch","line":59,"loc":{"start":{"line":59,"column":44},"end":{"line":60,"column":55}},"locations":[{"start":{"line":59,"column":44},"end":{"line":60,"column":55}}]},"8":{"type":"branch","line":60,"loc":{"start":{"line":60,"column":41},"end":{"line":60,"column":54}},"locations":[{"start":{"line":60,"column":41},"end":{"line":60,"column":54}}]}},"b":{"0":[7],"1":[4],"2":[1],"3":[1],"4":[1],"5":[5],"6":[1],"7":[1],"8":[0]},"fnMap":{"0":{"name":"Dashboard","decl":{"start":{"line":44,"column":28},"end":{"line":84,"column":2}},"loc":{"start":{"line":44,"column":28},"end":{"line":84,"column":2}},"line":44}},"f":{"0":7}}
,"C:\\Users\\guiim\\Desktop\\Testes Ousera\\Front\\golden-raspberry-awards\\src\\components\\Dashboard\\panels\\MultipleWinners.tsx": {"path":"C:\\Users\\guiim\\Desktop\\Testes Ousera\\Front\\golden-raspberry-awards\\src\\components\\Dashboard\\panels\\MultipleWinners.tsx","all":false,"statementMap":{"0":{"start":{"line":1,"column":0},"end":{"line":1,"column":26}},"6":{"start":{"line":7,"column":0},"end":{"line":7,"column":57}},"7":{"start":{"line":8,"column":0},"end":{"line":8,"column":7}},"8":{"start":{"line":9,"column":0},"end":{"line":9,"column":45}},"9":{"start":{"line":10,"column":0},"end":{"line":10,"column":38}},"10":{"start":{"line":11,"column":0},"end":{"line":11,"column":13}},"11":{"start":{"line":12,"column":0},"end":{"line":12,"column":12}},"12":{"start":{"line":13,"column":0},"end":{"line":13,"column":23}},"13":{"start":{"line":14,"column":0},"end":{"line":14,"column":28}},"14":{"start":{"line":15,"column":0},"end":{"line":15,"column":13}},"15":{"start":{"line":16,"column":0},"end":{"line":16,"column":14}},"16":{"start":{"line":17,"column":0},"end":{"line":17,"column":13}},"17":{"start":{"line":18,"column":0},"end":{"line":18,"column":27}},"18":{"start":{"line":19,"column":0},"end":{"line":19,"column":27}},"19":{"start":{"line":20,"column":0},"end":{"line":20,"column":29}},"20":{"start":{"line":21,"column":0},"end":{"line":21,"column":36}},"21":{"start":{"line":22,"column":0},"end":{"line":22,"column":15}},"22":{"start":{"line":23,"column":0},"end":{"line":23,"column":11}},"23":{"start":{"line":24,"column":0},"end":{"line":24,"column":14}},"24":{"start":{"line":25,"column":0},"end":{"line":25,"column":12}},"25":{"start":{"line":26,"column":0},"end":{"line":26,"column":8}},"28":{"start":{"line":29,"column":0},"end":{"line":29,"column":31}}},"s":{"0":1,"6":1,"7":7,"8":7,"9":7,"10":7,"11":7,"12":7,"13":7,"14":7,"15":7,"16":7,"17":7,"18":3,"19":3,"20":3,"21":3,"22":7,"23":7,"24":7,"25":7,"28":1},"branchMap":{"0":{"type":"branch","line":7,"loc":{"start":{"line":7,"column":41},"end":{"line":26,"column":8}},"locations":[{"start":{"line":7,"column":41},"end":{"line":26,"column":8}}]},"1":{"type":"branch","line":18,"loc":{"start":{"line":18,"column":19},"end":{"line":22,"column":15}},"locations":[{"start":{"line":18,"column":19},"end":{"line":22,"column":15}}]}},"b":{"0":[7],"1":[3]},"fnMap":{"0":{"name":"MultipleWinners","decl":{"start":{"line":7,"column":41},"end":{"line":26,"column":8}},"loc":{"start":{"line":7,"column":41},"end":{"line":26,"column":8}},"line":7}},"f":{"0":7}}
,"C:\\Users\\guiim\\Desktop\\Testes Ousera\\Front\\golden-raspberry-awards\\src\\components\\Dashboard\\panels\\ProducersInterval.tsx": {"path":"C:\\Users\\guiim\\Desktop\\Testes Ousera\\Front\\golden-raspberry-awards\\src\\components\\Dashboard\\panels\\ProducersInterval.tsx","all":false,"statementMap":{"0":{"start":{"line":1,"column":0},"end":{"line":1,"column":26}},"16":{"start":{"line":17,"column":0},"end":{"line":17,"column":62}},"17":{"start":{"line":18,"column":0},"end":{"line":18,"column":7}},"18":{"start":{"line":19,"column":0},"end":{"line":19,"column":70}},"20":{"start":{"line":21,"column":0},"end":{"line":21,"column":42}},"21":{"start":{"line":22,"column":0},"end":{"line":22,"column":22}},"22":{"start":{"line":23,"column":0},"end":{"line":23,"column":40}},"23":{"start":{"line":24,"column":0},"end":{"line":24,"column":15}},"24":{"start":{"line":25,"column":0},"end":{"line":25,"column":14}},"25":{"start":{"line":26,"column":0},"end":{"line":26,"column":29}},"26":{"start":{"line":27,"column":0},"end":{"line":27,"column":29}},"27":{"start":{"line":28,"column":0},"end":{"line":28,"column":34}},"28":{"start":{"line":29,"column":0},"end":{"line":29,"column":35}},"29":{"start":{"line":30,"column":0},"end":{"line":30,"column":15}},"30":{"start":{"line":31,"column":0},"end":{"line":31,"column":16}},"31":{"start":{"line":32,"column":0},"end":{"line":32,"column":15}},"32":{"start":{"line":33,"column":0},"end":{"line":33,"column":37}},"33":{"start":{"line":34,"column":0},"end":{"line":34,"column":49}},"34":{"start":{"line":35,"column":0},"end":{"line":35,"column":35}},"35":{"start":{"line":36,"column":0},"end":{"line":36,"column":35}},"36":{"start":{"line":37,"column":0},"end":{"line":37,"column":38}},"37":{"start":{"line":38,"column":0},"end":{"line":38,"column":39}},"38":{"start":{"line":39,"column":0},"end":{"line":39,"column":17}},"39":{"start":{"line":40,"column":0},"end":{"line":40,"column":13}},"40":{"start":{"line":41,"column":0},"end":{"line":41,"column":16}},"41":{"start":{"line":42,"column":0},"end":{"line":42,"column":14}},"42":{"start":{"line":43,"column":0},"end":{"line":43,"column":10}},"44":{"start":{"line":45,"column":0},"end":{"line":45,"column":9}},"45":{"start":{"line":46,"column":0},"end":{"line":46,"column":22}},"46":{"start":{"line":47,"column":0},"end":{"line":47,"column":40}},"47":{"start":{"line":48,"column":0},"end":{"line":48,"column":15}},"48":{"start":{"line":49,"column":0},"end":{"line":49,"column":14}},"49":{"start":{"line":50,"column":0},"end":{"line":50,"column":29}},"50":{"start":{"line":51,"column":0},"end":{"line":51,"column":29}},"51":{"start":{"line":52,"column":0},"end":{"line":52,"column":34}},"52":{"start":{"line":53,"column":0},"end":{"line":53,"column":35}},"53":{"start":{"line":54,"column":0},"end":{"line":54,"column":15}},"54":{"start":{"line":55,"column":0},"end":{"line":55,"column":16}},"55":{"start":{"line":56,"column":0},"end":{"line":56,"column":15}},"56":{"start":{"line":57,"column":0},"end":{"line":57,"column":37}},"57":{"start":{"line":58,"column":0},"end":{"line":58,"column":49}},"58":{"start":{"line":59,"column":0},"end":{"line":59,"column":35}},"59":{"start":{"line":60,"column":0},"end":{"line":60,"column":35}},"60":{"start":{"line":61,"column":0},"end":{"line":61,"column":38}},"61":{"start":{"line":62,"column":0},"end":{"line":62,"column":39}},"62":{"start":{"line":63,"column":0},"end":{"line":63,"column":17}},"63":{"start":{"line":64,"column":0},"end":{"line":64,"column":13}},"64":{"start":{"line":65,"column":0},"end":{"line":65,"column":16}},"65":{"start":{"line":66,"column":0},"end":{"line":66,"column":14}},"66":{"start":{"line":67,"column":0},"end":{"line":67,"column":10}},"67":{"start":{"line":68,"column":0},"end":{"line":68,"column":8}},"70":{"start":{"line":71,"column":0},"end":{"line":71,"column":33}}},"s":{"0":1,"16":1,"17":11,"18":11,"20":11,"21":11,"22":11,"23":11,"24":11,"25":11,"26":11,"27":11,"28":11,"29":11,"30":11,"31":11,"32":11,"33":2,"34":2,"35":2,"36":2,"37":2,"38":2,"39":11,"40":11,"41":11,"42":11,"44":11,"45":11,"46":11,"47":11,"48":11,"49":11,"50":11,"51":11,"52":11,"53":11,"54":11,"55":11,"56":11,"57":2,"58":2,"59":2,"60":2,"61":2,"62":2,"63":11,"64":11,"65":11,"66":11,"67":11,"70":1},"branchMap":{"0":{"type":"branch","line":17,"loc":{"start":{"line":17,"column":43},"end":{"line":68,"column":8}},"locations":[{"start":{"line":17,"column":43},"end":{"line":68,"column":8}}]},"1":{"type":"branch","line":33,"loc":{"start":{"line":33,"column":29},"end":{"line":39,"column":17}},"locations":[{"start":{"line":33,"column":29},"end":{"line":39,"column":17}}]},"2":{"type":"branch","line":57,"loc":{"start":{"line":57,"column":29},"end":{"line":63,"column":17}},"locations":[{"start":{"line":57,"column":29},"end":{"line":63,"column":17}}]}},"b":{"0":[11],"1":[2],"2":[2]},"fnMap":{"0":{"name":"ProducersInterval","decl":{"start":{"line":17,"column":43},"end":{"line":68,"column":8}},"loc":{"start":{"line":17,"column":43},"end":{"line":68,"column":8}},"line":17}},"f":{"0":11}}
,"C:\\Users\\guiim\\Desktop\\Testes Ousera\\Front\\golden-raspberry-awards\\src\\components\\Dashboard\\panels\\TopStudios.tsx": {"path":"C:\\Users\\guiim\\Desktop\\Testes Ousera\\Front\\golden-raspberry-awards\\src\\components\\Dashboard\\panels\\TopStudios.tsx","all":false,"statementMap":{"0":{"start":{"line":1,"column":0},"end":{"line":1,"column":26}},"11":{"start":{"line":12,"column":0},"end":{"line":12,"column":54}},"12":{"start":{"line":13,"column":0},"end":{"line":13,"column":33}},"13":{"start":{"line":14,"column":0},"end":{"line":14,"column":44}},"14":{"start":{"line":15,"column":0},"end":{"line":15,"column":17}},"16":{"start":{"line":17,"column":0},"end":{"line":17,"column":10}},"17":{"start":{"line":18,"column":0},"end":{"line":18,"column":9}},"18":{"start":{"line":19,"column":0},"end":{"line":19,"column":41}},"19":{"start":{"line":20,"column":0},"end":{"line":20,"column":40}},"20":{"start":{"line":21,"column":0},"end":{"line":21,"column":15}},"21":{"start":{"line":22,"column":0},"end":{"line":22,"column":14}},"22":{"start":{"line":23,"column":0},"end":{"line":23,"column":25}},"23":{"start":{"line":24,"column":0},"end":{"line":24,"column":30}},"24":{"start":{"line":25,"column":0},"end":{"line":25,"column":15}},"25":{"start":{"line":26,"column":0},"end":{"line":26,"column":16}},"26":{"start":{"line":27,"column":0},"end":{"line":27,"column":15}},"27":{"start":{"line":28,"column":0},"end":{"line":28,"column":34}},"28":{"start":{"line":29,"column":0},"end":{"line":29,"column":29}},"29":{"start":{"line":30,"column":0},"end":{"line":30,"column":31}},"30":{"start":{"line":31,"column":0},"end":{"line":31,"column":35}},"31":{"start":{"line":32,"column":0},"end":{"line":32,"column":17}},"32":{"start":{"line":33,"column":0},"end":{"line":33,"column":13}},"33":{"start":{"line":34,"column":0},"end":{"line":34,"column":16}},"34":{"start":{"line":35,"column":0},"end":{"line":35,"column":14}},"35":{"start":{"line":36,"column":0},"end":{"line":36,"column":10}},"37":{"start":{"line":38,"column":0},"end":{"line":38,"column":2}},"39":{"start":{"line":40,"column":0},"end":{"line":40,"column":26}}},"s":{"0":1,"11":1,"12":7,"13":7,"14":7,"16":7,"17":7,"18":7,"19":7,"20":7,"21":7,"22":7,"23":7,"24":7,"25":7,"26":7,"27":7,"28":3,"29":3,"30":3,"31":3,"32":7,"33":7,"34":7,"35":7,"37":7,"39":1},"branchMap":{"0":{"type":"branch","line":12,"loc":{"start":{"line":12,"column":36},"end":{"line":38,"column":2}},"locations":[{"start":{"line":12,"column":36},"end":{"line":38,"column":2}}]},"1":{"type":"branch","line":28,"loc":{"start":{"line":28,"column":26},"end":{"line":32,"column":17}},"locations":[{"start":{"line":28,"column":26},"end":{"line":32,"column":17}}]}},"b":{"0":[7],"1":[3]},"fnMap":{"0":{"name":"TopStudios","decl":{"start":{"line":12,"column":36},"end":{"line":38,"column":2}},"loc":{"start":{"line":12,"column":36},"end":{"line":38,"column":2}},"line":12}},"f":{"0":7}}
,"C:\\Users\\guiim\\Desktop\\Testes Ousera\\Front\\golden-raspberry-awards\\src\\components\\Dashboard\\panels\\WinnersByYear.tsx": {"path":"C:\\Users\\guiim\\Desktop\\Testes Ousera\\Front\\golden-raspberry-awards\\src\\components\\Dashboard\\panels\\WinnersByYear.tsx","all":false,"statementMap":{"0":{"start":{"line":1,"column":0},"end":{"line":1,"column":40}},"8":{"start":{"line":9,"column":0},"end":{"line":9,"column":67}},"9":{"start":{"line":10,"column":0},"end":{"line":10,"column":49}},"11":{"start":{"line":12,"column":0},"end":{"line":12,"column":30}},"12":{"start":{"line":13,"column":0},"end":{"line":13,"column":47}},"13":{"start":{"line":14,"column":0},"end":{"line":14,"column":4}},"15":{"start":{"line":16,"column":0},"end":{"line":16,"column":10}},"16":{"start":{"line":17,"column":0},"end":{"line":17,"column":9}},"17":{"start":{"line":18,"column":0},"end":{"line":18,"column":41}},"18":{"start":{"line":19,"column":0},"end":{"line":19,"column":44}},"19":{"start":{"line":20,"column":0},"end":{"line":20,"column":14}},"20":{"start":{"line":21,"column":0},"end":{"line":21,"column":23}},"21":{"start":{"line":22,"column":0},"end":{"line":22,"column":38}},"22":{"start":{"line":23,"column":0},"end":{"line":23,"column":27}},"23":{"start":{"line":24,"column":0},"end":{"line":24,"column":56}},"24":{"start":{"line":25,"column":0},"end":{"line":25,"column":10}},"25":{"start":{"line":26,"column":0},"end":{"line":26,"column":54}},"26":{"start":{"line":27,"column":0},"end":{"line":27,"column":12}},"27":{"start":{"line":28,"column":0},"end":{"line":28,"column":30}},"28":{"start":{"line":29,"column":0},"end":{"line":29,"column":42}},"29":{"start":{"line":30,"column":0},"end":{"line":30,"column":17}},"30":{"start":{"line":31,"column":0},"end":{"line":31,"column":16}},"31":{"start":{"line":32,"column":0},"end":{"line":32,"column":25}},"32":{"start":{"line":33,"column":0},"end":{"line":33,"column":27}},"33":{"start":{"line":34,"column":0},"end":{"line":34,"column":28}},"34":{"start":{"line":35,"column":0},"end":{"line":35,"column":17}},"35":{"start":{"line":36,"column":0},"end":{"line":36,"column":18}},"36":{"start":{"line":37,"column":0},"end":{"line":37,"column":17}},"37":{"start":{"line":38,"column":0},"end":{"line":38,"column":33}},"38":{"start":{"line":39,"column":0},"end":{"line":39,"column":29}},"39":{"start":{"line":40,"column":0},"end":{"line":40,"column":31}},"40":{"start":{"line":41,"column":0},"end":{"line":41,"column":33}},"41":{"start":{"line":42,"column":0},"end":{"line":42,"column":34}},"42":{"start":{"line":43,"column":0},"end":{"line":43,"column":19}},"43":{"start":{"line":44,"column":0},"end":{"line":44,"column":15}},"44":{"start":{"line":45,"column":0},"end":{"line":45,"column":18}},"45":{"start":{"line":46,"column":0},"end":{"line":46,"column":16}},"47":{"start":{"line":48,"column":0},"end":{"line":48,"column":10}},"49":{"start":{"line":50,"column":0},"end":{"line":50,"column":2}},"51":{"start":{"line":52,"column":0},"end":{"line":52,"column":29}}},"s":{"0":1,"8":1,"9":11,"11":11,"12":1,"13":1,"15":11,"16":11,"17":11,"18":11,"19":11,"20":11,"21":11,"22":11,"23":11,"24":11,"25":11,"26":11,"27":11,"28":1,"29":1,"30":1,"31":1,"32":1,"33":1,"34":1,"35":1,"36":1,"37":1,"38":1,"39":1,"40":1,"41":1,"42":1,"43":1,"44":1,"45":1,"47":11,"49":11,"51":1},"branchMap":{"0":{"type":"branch","line":9,"loc":{"start":{"line":9,"column":39},"end":{"line":50,"column":2}},"locations":[{"start":{"line":9,"column":39},"end":{"line":50,"column":2}}]},"1":{"type":"branch","line":28,"loc":{"start":{"line":28,"column":24},"end":{"line":46,"column":16}},"locations":[{"start":{"line":28,"column":24},"end":{"line":46,"column":16}}]},"2":{"type":"branch","line":12,"loc":{"start":{"line":12,"column":23},"end":{"line":14,"column":4}},"locations":[{"start":{"line":12,"column":23},"end":{"line":14,"column":4}}]},"3":{"type":"branch","line":24,"loc":{"start":{"line":24,"column":20},"end":{"line":24,"column":56}},"locations":[{"start":{"line":24,"column":20},"end":{"line":24,"column":56}}]},"4":{"type":"branch","line":38,"loc":{"start":{"line":38,"column":25},"end":{"line":43,"column":19}},"locations":[{"start":{"line":38,"column":25},"end":{"line":43,"column":19}}]}},"b":{"0":[11],"1":[1],"2":[1],"3":[4],"4":[1]},"fnMap":{"0":{"name":"WinnersByYear","decl":{"start":{"line":9,"column":39},"end":{"line":50,"column":2}},"loc":{"start":{"line":9,"column":39},"end":{"line":50,"column":2}},"line":9},"1":{"name":"handleSearch","decl":{"start":{"line":12,"column":23},"end":{"line":14,"column":4}},"loc":{"start":{"line":12,"column":23},"end":{"line":14,"column":4}},"line":12},"2":{"name":"onChange","decl":{"start":{"line":24,"column":20},"end":{"line":24,"column":56}},"loc":{"start":{"line":24,"column":20},"end":{"line":24,"column":56}},"line":24}},"f":{"0":11,"1":1,"2":4}}
,"C:\\Users\\guiim\\Desktop\\Testes Ousera\\Front\\golden-raspberry-awards\\src\\components\\Layout\\Layout.tsx": {"path":"C:\\Users\\guiim\\Desktop\\Testes Ousera\\Front\\golden-raspberry-awards\\src\\components\\Layout\\Layout.tsx","all":false,"statementMap":{"0":{"start":{"line":1,"column":0},"end":{"line":1,"column":26}},"1":{"start":{"line":2,"column":0},"end":{"line":2,"column":40}},"7":{"start":{"line":8,"column":0},"end":{"line":8,"column":57}},"8":{"start":{"line":9,"column":0},"end":{"line":9,"column":10}},"9":{"start":{"line":10,"column":0},"end":{"line":10,"column":33}},"10":{"start":{"line":11,"column":0},"end":{"line":11,"column":33}},"11":{"start":{"line":12,"column":0},"end":{"line":12,"column":36}},"12":{"start":{"line":13,"column":0},"end":{"line":13,"column":15}},"14":{"start":{"line":15,"column":0},"end":{"line":15,"column":37}},"15":{"start":{"line":16,"column":0},"end":{"line":16,"column":33}},"16":{"start":{"line":17,"column":0},"end":{"line":17,"column":39}},"17":{"start":{"line":18,"column":0},"end":{"line":18,"column":40}},"18":{"start":{"line":19,"column":0},"end":{"line":19,"column":14}},"20":{"start":{"line":21,"column":0},"end":{"line":21,"column":48}},"21":{"start":{"line":22,"column":0},"end":{"line":22,"column":12}},"22":{"start":{"line":23,"column":0},"end":{"line":23,"column":10}},"24":{"start":{"line":25,"column":0},"end":{"line":25,"column":2}},"26":{"start":{"line":27,"column":0},"end":{"line":27,"column":22}}},"s":{"0":1,"1":1,"7":1,"8":5,"9":5,"10":5,"11":5,"12":5,"14":5,"15":5,"16":5,"17":5,"18":5,"20":5,"21":5,"22":5,"24":5,"26":1},"branchMap":{"0":{"type":"branch","line":8,"loc":{"start":{"line":8,"column":38},"end":{"line":25,"column":2}},"locations":[{"start":{"line":8,"column":38},"end":{"line":25,"column":2}}]}},"b":{"0":[5]},"fnMap":{"0":{"name":"Layout","decl":{"start":{"line":8,"column":38},"end":{"line":25,"column":2}},"loc":{"start":{"line":8,"column":38},"end":{"line":25,"column":2}},"line":8}},"f":{"0":5}}
,"C:\\Users\\guiim\\Desktop\\Testes Ousera\\Front\\golden-raspberry-awards\\src\\components\\MoviesList\\MoviesList.tsx": {"path":"C:\\Users\\guiim\\Desktop\\Testes Ousera\\Front\\golden-raspberry-awards\\src\\components\\MoviesList\\MoviesList.tsx","all":false,"statementMap":{"0":{"start":{"line":1,"column":0},"end":{"line":1,"column":51}},"1":{"start":{"line":2,"column":0},"end":{"line":2,"column":50}},"4":{"start":{"line":5,"column":0},"end":{"line":5,"column":28}},"6":{"start":{"line":7,"column":0},"end":{"line":7,"column":36}},"7":{"start":{"line":8,"column":0},"end":{"line":8,"column":52}},"8":{"start":{"line":9,"column":0},"end":{"line":9,"column":38}},"9":{"start":{"line":10,"column":0},"end":{"line":10,"column":30}},"10":{"start":{"line":11,"column":0},"end":{"line":11,"column":50}},"11":{"start":{"line":12,"column":0},"end":{"line":12,"column":52}},"12":{"start":{"line":13,"column":0},"end":{"line":13,"column":57}},"14":{"start":{"line":15,"column":0},"end":{"line":15,"column":19}},"15":{"start":{"line":16,"column":0},"end":{"line":16,"column":15}},"16":{"start":{"line":17,"column":0},"end":{"line":17,"column":21}},"18":{"start":{"line":19,"column":0},"end":{"line":19,"column":19}},"19":{"start":{"line":20,"column":0},"end":{"line":20,"column":16}},"20":{"start":{"line":21,"column":0},"end":{"line":21,"column":11}},"21":{"start":{"line":22,"column":0},"end":{"line":22,"column":11}},"22":{"start":{"line":23,"column":0},"end":{"line":23,"column":38}},"23":{"start":{"line":24,"column":0},"end":{"line":24,"column":53}},"24":{"start":{"line":25,"column":0},"end":{"line":25,"column":5}},"25":{"start":{"line":26,"column":0},"end":{"line":26,"column":23}},"26":{"start":{"line":27,"column":0},"end":{"line":27,"column":32}},"27":{"start":{"line":28,"column":0},"end":{"line":28,"column":39}},"28":{"start":{"line":29,"column":0},"end":{"line":29,"column":61}},"29":{"start":{"line":30,"column":0},"end":{"line":30,"column":39}},"30":{"start":{"line":31,"column":0},"end":{"line":31,"column":9}},"31":{"start":{"line":32,"column":0},"end":{"line":32,"column":8}},"32":{"start":{"line":33,"column":0},"end":{"line":33,"column":28}},"33":{"start":{"line":34,"column":0},"end":{"line":34,"column":33}},"35":{"start":{"line":36,"column":0},"end":{"line":36,"column":33}},"36":{"start":{"line":37,"column":0},"end":{"line":37,"column":42}},"37":{"start":{"line":38,"column":0},"end":{"line":38,"column":61}},"38":{"start":{"line":39,"column":0},"end":{"line":39,"column":5}},"40":{"start":{"line":41,"column":0},"end":{"line":41,"column":70}},"41":{"start":{"line":42,"column":0},"end":{"line":42,"column":40}},"43":{"start":{"line":44,"column":0},"end":{"line":44,"column":27}},"44":{"start":{"line":45,"column":0},"end":{"line":45,"column":23}},"45":{"start":{"line":46,"column":0},"end":{"line":46,"column":38}},"46":{"start":{"line":47,"column":0},"end":{"line":47,"column":5}},"48":{"start":{"line":49,"column":0},"end":{"line":49,"column":68}},"49":{"start":{"line":50,"column":0},"end":{"line":50,"column":4}},"51":{"start":{"line":52,"column":0},"end":{"line":52,"column":41}},"53":{"start":{"line":54,"column":0},"end":{"line":54,"column":10}},"54":{"start":{"line":55,"column":0},"end":{"line":55,"column":26}},"55":{"start":{"line":56,"column":0},"end":{"line":56,"column":39}},"56":{"start":{"line":57,"column":0},"end":{"line":57,"column":28}},"58":{"start":{"line":59,"column":0},"end":{"line":59,"column":15}},"59":{"start":{"line":60,"column":0},"end":{"line":60,"column":17}},"60":{"start":{"line":61,"column":0},"end":{"line":61,"column":16}},"61":{"start":{"line":62,"column":0},"end":{"line":62,"column":25}},"62":{"start":{"line":63,"column":0},"end":{"line":63,"column":27}},"63":{"start":{"line":64,"column":0},"end":{"line":64,"column":28}},"64":{"start":{"line":65,"column":0},"end":{"line":65,"column":30}},"65":{"start":{"line":66,"column":0},"end":{"line":66,"column":17}},"66":{"start":{"line":67,"column":0},"end":{"line":67,"column":16}},"67":{"start":{"line":68,"column":0},"end":{"line":68,"column":23}},"68":{"start":{"line":69,"column":0},"end":{"line":69,"column":18}},"69":{"start":{"line":70,"column":0},"end":{"line":70,"column":22}},"70":{"start":{"line":71,"column":0},"end":{"line":71,"column":31}},"71":{"start":{"line":72,"column":0},"end":{"line":72,"column":46}},"72":{"start":{"line":73,"column":0},"end":{"line":73,"column":30}},"73":{"start":{"line":74,"column":0},"end":{"line":74,"column":34}},"74":{"start":{"line":75,"column":0},"end":{"line":75,"column":73}},"76":{"start":{"line":77,"column":0},"end":{"line":77,"column":43}},"77":{"start":{"line":78,"column":0},"end":{"line":78,"column":18}},"78":{"start":{"line":79,"column":0},"end":{"line":79,"column":19}},"79":{"start":{"line":80,"column":0},"end":{"line":80,"column":23}},"80":{"start":{"line":81,"column":0},"end":{"line":81,"column":18}},"81":{"start":{"line":82,"column":0},"end":{"line":82,"column":23}},"82":{"start":{"line":83,"column":0},"end":{"line":83,"column":72}},"83":{"start":{"line":84,"column":0},"end":{"line":84,"column":34}},"84":{"start":{"line":85,"column":0},"end":{"line":85,"column":30}},"85":{"start":{"line":86,"column":0},"end":{"line":86,"column":76}},"86":{"start":{"line":87,"column":0},"end":{"line":87,"column":21}},"88":{"start":{"line":89,"column":0},"end":{"line":89,"column":43}},"90":{"start":{"line":91,"column":0},"end":{"line":91,"column":50}},"91":{"start":{"line":92,"column":0},"end":{"line":92,"column":51}},"92":{"start":{"line":93,"column":0},"end":{"line":93,"column":51}},"93":{"start":{"line":94,"column":0},"end":{"line":94,"column":25}},"94":{"start":{"line":95,"column":0},"end":{"line":95,"column":19}},"95":{"start":{"line":96,"column":0},"end":{"line":96,"column":17}},"96":{"start":{"line":97,"column":0},"end":{"line":97,"column":18}},"97":{"start":{"line":98,"column":0},"end":{"line":98,"column":17}},"98":{"start":{"line":99,"column":0},"end":{"line":99,"column":32}},"99":{"start":{"line":100,"column":0},"end":{"line":100,"column":29}},"100":{"start":{"line":101,"column":0},"end":{"line":101,"column":31}},"101":{"start":{"line":102,"column":0},"end":{"line":102,"column":33}},"102":{"start":{"line":103,"column":0},"end":{"line":103,"column":34}},"103":{"start":{"line":104,"column":0},"end":{"line":104,"column":50}},"104":{"start":{"line":105,"column":0},"end":{"line":105,"column":19}},"105":{"start":{"line":106,"column":0},"end":{"line":106,"column":15}},"106":{"start":{"line":107,"column":0},"end":{"line":107,"column":18}},"107":{"start":{"line":108,"column":0},"end":{"line":108,"column":16}},"109":{"start":{"line":110,"column":0},"end":{"line":110,"column":36}},"110":{"start":{"line":111,"column":0},"end":{"line":111,"column":67}},"111":{"start":{"line":112,"column":0},"end":{"line":112,"column":18}},"112":{"start":{"line":113,"column":0},"end":{"line":113,"column":19}},"113":{"start":{"line":114,"column":0},"end":{"line":114,"column":78}},"114":{"start":{"line":115,"column":0},"end":{"line":115,"column":17}},"115":{"start":{"line":116,"column":0},"end":{"line":116,"column":19}},"117":{"start":{"line":118,"column":0},"end":{"line":118,"column":36}},"118":{"start":{"line":119,"column":0},"end":{"line":119,"column":19}},"119":{"start":{"line":120,"column":0},"end":{"line":120,"column":21}},"120":{"start":{"line":121,"column":0},"end":{"line":121,"column":57}},"121":{"start":{"line":122,"column":0},"end":{"line":122,"column":40}},"123":{"start":{"line":124,"column":0},"end":{"line":124,"column":21}},"124":{"start":{"line":125,"column":0},"end":{"line":125,"column":21}},"125":{"start":{"line":126,"column":0},"end":{"line":126,"column":13}},"127":{"start":{"line":128,"column":0},"end":{"line":128,"column":17}},"128":{"start":{"line":129,"column":0},"end":{"line":129,"column":45}},"129":{"start":{"line":130,"column":0},"end":{"line":130,"column":49}},"131":{"start":{"line":132,"column":0},"end":{"line":132,"column":17}},"132":{"start":{"line":133,"column":0},"end":{"line":133,"column":19}},"133":{"start":{"line":134,"column":0},"end":{"line":134,"column":17}},"134":{"start":{"line":135,"column":0},"end":{"line":135,"column":45}},"135":{"start":{"line":136,"column":0},"end":{"line":136,"column":51}},"137":{"start":{"line":138,"column":0},"end":{"line":138,"column":18}},"138":{"start":{"line":139,"column":0},"end":{"line":139,"column":19}},"139":{"start":{"line":140,"column":0},"end":{"line":140,"column":14}},"140":{"start":{"line":141,"column":0},"end":{"line":141,"column":12}},"141":{"start":{"line":142,"column":0},"end":{"line":142,"column":10}},"143":{"start":{"line":144,"column":0},"end":{"line":144,"column":2}},"145":{"start":{"line":146,"column":0},"end":{"line":146,"column":26}}},"s":{"0":1,"1":1,"4":1,"6":1,"7":11,"8":11,"9":11,"10":11,"11":11,"12":11,"14":11,"15":6,"16":11,"18":11,"19":6,"20":6,"21":6,"22":6,"23":6,"24":6,"25":6,"26":5,"27":5,"28":5,"29":0,"30":0,"31":6,"32":6,"33":11,"35":11,"36":11,"37":11,"38":11,"40":0,"41":0,"43":0,"44":0,"45":0,"46":0,"48":0,"49":11,"51":11,"53":11,"54":11,"55":11,"56":11,"58":11,"59":11,"60":11,"61":11,"62":11,"63":11,"64":11,"65":11,"66":11,"67":11,"68":11,"69":11,"70":11,"71":11,"72":11,"73":11,"74":1,"76":11,"77":11,"78":11,"79":11,"80":11,"81":11,"82":11,"83":11,"84":1,"85":1,"86":1,"88":11,"90":11,"91":11,"92":11,"93":11,"94":11,"95":11,"96":11,"97":11,"98":11,"99":6,"100":6,"101":6,"102":6,"103":6,"104":6,"105":11,"106":11,"107":11,"109":11,"110":11,"111":11,"112":11,"113":11,"114":11,"115":11,"117":11,"118":6,"119":6,"120":6,"121":6,"123":6,"124":6,"125":11,"127":11,"128":11,"129":11,"131":11,"132":11,"133":11,"134":11,"135":11,"137":11,"138":11,"139":11,"140":11,"141":11,"143":11,"145":1},"branchMap":{"0":{"type":"branch","line":7,"loc":{"start":{"line":7,"column":29},"end":{"line":144,"column":2}},"locations":[{"start":{"line":7,"column":29},"end":{"line":144,"column":2}}]},"1":{"type":"branch","line":83,"loc":{"start":{"line":83,"column":36},"end":{"line":83,"column":46}},"locations":[{"start":{"line":83,"column":36},"end":{"line":83,"column":46}}]},"2":{"type":"branch","line":83,"loc":{"start":{"line":83,"column":41},"end":{"line":83,"column":72}},"locations":[{"start":{"line":83,"column":41},"end":{"line":83,"column":72}}]},"3":{"type":"branch","line":83,"loc":{"start":{"line":83,"column":55},"end":{"line":83,"column":72}},"locations":[{"start":{"line":83,"column":55},"end":{"line":83,"column":72}}]},"4":{"type":"branch","line":15,"loc":{"start":{"line":15,"column":12},"end":{"line":17,"column":5}},"locations":[{"start":{"line":15,"column":12},"end":{"line":17,"column":5}}]},"5":{"type":"branch","line":19,"loc":{"start":{"line":19,"column":12},"end":{"line":34,"column":5}},"locations":[{"start":{"line":19,"column":12},"end":{"line":34,"column":5}}]},"6":{"type":"branch","line":23,"loc":{"start":{"line":23,"column":6},"end":{"line":23,"column":28}},"locations":[{"start":{"line":23,"column":6},"end":{"line":23,"column":28}}]},"7":{"type":"branch","line":23,"loc":{"start":{"line":23,"column":24},"end":{"line":23,"column":38}},"locations":[{"start":{"line":23,"column":24},"end":{"line":23,"column":38}}]},"8":{"type":"branch","line":24,"loc":{"start":{"line":24,"column":17},"end":{"line":24,"column":35}},"locations":[{"start":{"line":24,"column":17},"end":{"line":24,"column":35}}]},"9":{"type":"branch","line":24,"loc":{"start":{"line":24,"column":22},"end":{"line":24,"column":53}},"locations":[{"start":{"line":24,"column":22},"end":{"line":24,"column":53}}]},"10":{"type":"branch","line":26,"loc":{"start":{"line":26,"column":12},"end":{"line":32,"column":7}},"locations":[{"start":{"line":26,"column":12},"end":{"line":32,"column":7}}]},"11":{"type":"branch","line":29,"loc":{"start":{"line":29,"column":25},"end":{"line":29,"column":60}},"locations":[{"start":{"line":29,"column":25},"end":{"line":29,"column":60}}]},"12":{"type":"branch","line":29,"loc":{"start":{"line":29,"column":60},"end":{"line":31,"column":9}},"locations":[{"start":{"line":29,"column":60},"end":{"line":31,"column":9}}]},"13":{"type":"branch","line":36,"loc":{"start":{"line":36,"column":26},"end":{"line":50,"column":4}},"locations":[{"start":{"line":36,"column":26},"end":{"line":50,"column":4}}]},"14":{"type":"branch","line":39,"loc":{"start":{"line":39,"column":4},"end":{"line":49,"column":68}},"locations":[{"start":{"line":39,"column":4},"end":{"line":49,"column":68}}]},"15":{"type":"branch","line":38,"loc":{"start":{"line":38,"column":48},"end":{"line":38,"column":59}},"locations":[{"start":{"line":38,"column":48},"end":{"line":38,"column":59}}]},"16":{"type":"branch","line":74,"loc":{"start":{"line":74,"column":28},"end":{"line":75,"column":73}},"locations":[{"start":{"line":74,"column":28},"end":{"line":75,"column":73}}]},"17":{"type":"branch","line":75,"loc":{"start":{"line":75,"column":66},"end":{"line":75,"column":72}},"locations":[{"start":{"line":75,"column":66},"end":{"line":75,"column":72}}]},"18":{"type":"branch","line":84,"loc":{"start":{"line":84,"column":28},"end":{"line":87,"column":21}},"locations":[{"start":{"line":84,"column":28},"end":{"line":87,"column":21}}]},"19":{"type":"branch","line":86,"loc":{"start":{"line":86,"column":41},"end":{"line":86,"column":51}},"locations":[{"start":{"line":86,"column":41},"end":{"line":86,"column":51}}]},"20":{"type":"branch","line":99,"loc":{"start":{"line":99,"column":24},"end":{"line":105,"column":19}},"locations":[{"start":{"line":99,"column":24},"end":{"line":105,"column":19}}]},"21":{"type":"branch","line":104,"loc":{"start":{"line":104,"column":23},"end":{"line":104,"column":40}},"locations":[{"start":{"line":104,"column":23},"end":{"line":104,"column":40}}]},"22":{"type":"branch","line":104,"loc":{"start":{"line":104,"column":32},"end":{"line":104,"column":45}},"locations":[{"start":{"line":104,"column":32},"end":{"line":104,"column":45}}]},"23":{"type":"branch","line":118,"loc":{"start":{"line":118,"column":28},"end":{"line":125,"column":21}},"locations":[{"start":{"line":118,"column":28},"end":{"line":125,"column":21}}]},"24":{"type":"branch","line":121,"loc":{"start":{"line":121,"column":31},"end":{"line":121,"column":54}},"locations":[{"start":{"line":121,"column":31},"end":{"line":121,"column":54}}]},"25":{"type":"branch","line":121,"loc":{"start":{"line":121,"column":38},"end":{"line":121,"column":57}},"locations":[{"start":{"line":121,"column":38},"end":{"line":121,"column":57}}]}},"b":{"0":[11],"1":[8],"2":[3],"3":[0],"4":[6],"5":[6],"6":[1],"7":[5],"8":[5],"9":[1],"10":[5],"11":[0],"12":[0],"13":[11],"14":[0],"15":[6],"16":[1],"17":[0],"18":[1],"19":[0],"20":[6],"21":[3],"22":[3],"23":[6],"24":[3],"25":[3]},"fnMap":{"0":{"name":"MoviesList","decl":{"start":{"line":7,"column":29},"end":{"line":144,"column":2}},"loc":{"start":{"line":7,"column":29},"end":{"line":144,"column":2}},"line":7},"1":{"name":"getVisiblePages","decl":{"start":{"line":36,"column":26},"end":{"line":50,"column":4}},"loc":{"start":{"line":36,"column":26},"end":{"line":50,"column":4}},"line":36},"2":{"name":"onChange","decl":{"start":{"line":74,"column":28},"end":{"line":75,"column":73}},"loc":{"start":{"line":74,"column":28},"end":{"line":75,"column":73}},"line":74},"3":{"name":"onChange","decl":{"start":{"line":84,"column":28},"end":{"line":87,"column":21}},"loc":{"start":{"line":84,"column":28},"end":{"line":87,"column":21}},"line":84},"4":{"name":"onClick","decl":{"start":{"line":111,"column":49},"end":{"line":111,"column":67}},"loc":{"start":{"line":111,"column":49},"end":{"line":111,"column":67}},"line":111},"5":{"name":"onClick","decl":{"start":{"line":114,"column":49},"end":{"line":114,"column":78}},"loc":{"start":{"line":114,"column":49},"end":{"line":114,"column":78}},"line":114},"6":{"name":"onClick","decl":{"start":{"line":122,"column":23},"end":{"line":122,"column":40}},"loc":{"start":{"line":122,"column":23},"end":{"line":122,"column":40}},"line":122},"7":{"name":"onClick","decl":{"start":{"line":130,"column":21},"end":{"line":130,"column":49}},"loc":{"start":{"line":130,"column":21},"end":{"line":130,"column":49}},"line":130},"8":{"name":"onClick","decl":{"start":{"line":136,"column":21},"end":{"line":136,"column":51}},"loc":{"start":{"line":136,"column":21},"end":{"line":136,"column":51}},"line":136}},"f":{"0":11,"1":11,"2":1,"3":1,"4":0,"5":0,"6":0,"7":0,"8":0}}
}
